c:\users\hasan.alı\desktop\dıce-recognıtıon\dıce-recognıtıon\x64\debug\vc120.pdb
c:\users\hasan.alı\desktop\dıce-recognıtıon\dıce-recognıtıon\x64\debug\vc120.ıdb
c:\users\hasan.alı\desktop\dıce-recognıtıon\dıce-recognıtıon\x64\debug\cluster.obj
c:\users\hasan.alı\desktop\dıce-recognıtıon\dıce-recognıtıon\x64\debug\maın.obj
c:\users\hasan.alı\desktop\dıce-recognıtıon\dıce-recognıtıon\x64\debug\mydıcerecognızer.obj
c:\users\hasan.alı\desktop\dıce-recognıtıon\dıce-recognıtıon\x64\debug\performancemeter.obj
c:\users\hasan.alı\desktop\dıce-recognıtıon\dıce-recognıtıon\x64\debug\pıxelpoınt.obj
c:\users\hasan.alı\desktop\dıce-recognıtıon\dıce-recognıtıon\x64\debug\randomdıcerecognızer.obj
c:\users\hasan.alı\desktop\dıce-recognıtıon\dıce-recognıtıon\x64\debug\kmeans.obj
c:\users\hasan.alı\desktop\dıce-recognıtıon\x64\debug\dıce-recognıtıon.ılk
c:\users\hasan.alı\desktop\dıce-recognıtıon\x64\debug\dıce-recognıtıon.exe
c:\users\hasan.alı\desktop\dıce-recognıtıon\x64\debug\dıce-recognıtıon.pdb
c:\users\hasan.ali\desktop\dice-recognition\dice-recognition\x64\debug\cluster.obj
c:\users\hasan.ali\desktop\dice-recognition\dice-recognition\x64\debug\kmeans.obj
c:\users\hasan.ali\desktop\dice-recognition\dice-recognition\x64\debug\main.obj
c:\users\hasan.ali\desktop\dice-recognition\dice-recognition\x64\debug\mydicerecognizer.obj
c:\users\hasan.ali\desktop\dice-recognition\dice-recognition\x64\debug\performancemeter.obj
c:\users\hasan.ali\desktop\dice-recognition\dice-recognition\x64\debug\pixelpoint.obj
c:\users\hasan.ali\desktop\dice-recognition\dice-recognition\x64\debug\randomdicerecognizer.obj
c:\users\hasan.ali\desktop\dice-recognition\dice-recognition\x64\debug\vc120.idb
c:\users\hasan.ali\desktop\dice-recognition\dice-recognition\x64\debug\vc120.pdb
c:\users\hasan.ali\desktop\dice-recognition\x64\debug\dice-recognition.pdb
c:\users\hasan.ali\desktop\dice-recognition\x64\debug\dice-recognition.exe
c:\users\hasan.ali\desktop\dice-recognition\x64\debug\dice-recognition.ilk
c:\users\hasan.ali\desktop\dice-recognition\dice-recognition\x64\debug\dice-recognition.tlog\cl.command.1.tlog
c:\users\hasan.ali\desktop\dice-recognition\dice-recognition\x64\debug\dice-recognition.tlog\cl.read.1.tlog
c:\users\hasan.ali\desktop\dice-recognition\dice-recognition\x64\debug\dice-recognition.tlog\cl.write.1.tlog
c:\users\hasan.ali\desktop\dice-recognition\dice-recognition\x64\debug\dice-recognition.tlog\link.command.1.tlog
c:\users\hasan.ali\desktop\dice-recognition\dice-recognition\x64\debug\dice-recognition.tlog\link.read.1.tlog
c:\users\hasan.ali\desktop\dice-recognition\dice-recognition\x64\debug\dice-recognition.tlog\link.write.1.tlog
